TN:
SF:index.js
FN:11,fetchWithRetry
FN:27,(anonymous_1)
FN:40,(anonymous_2)
FNF:3
FNH:3
FNDA:9,fetchWithRetry
FNDA:11,(anonymous_1)
FNDA:13,(anonymous_2)
DA:12,9
DA:13,20
DA:14,20
DA:16,15
DA:17,9
DA:20,6
DA:22,14
DA:24,14
DA:25,11
DA:26,11
DA:27,11
DA:29,3
DA:40,1
DA:41,13
DA:44,13
DA:45,13
DA:46,1
DA:49,12
DA:50,12
DA:51,12
DA:53,12
DA:54,3
DA:55,3
DA:57,3
DA:65,9
DA:68,9
DA:73,9
DA:76,9
DA:77,9
DA:83,6
DA:84,6
DA:86,6
DA:92,3
DA:94,3
LF:34
LH:34
BRDA:11,0,0,9
BRDA:11,1,0,9
BRDA:16,2,0,9
BRDA:16,2,1,6
BRDA:24,3,0,11
BRDA:24,3,1,3
BRDA:45,4,0,1
BRDA:45,4,1,12
BRDA:49,5,0,12
BRDA:49,5,1,1
BRDA:53,6,0,3
BRDA:53,6,1,9
BRDA:53,7,0,12
BRDA:53,7,1,10
BRF:14
BRH:14
end_of_record
